{"C:\\Git\\outros\\code talent pool\\back-end\\src\\modules\\loja\\controller\\loja.controller.ts": {"path":"C:\\Git\\outros\\code talent pool\\back-end\\src\\modules\\loja\\controller\\loja.controller.ts","statementMap":{"0":{"start":{"line":1,"column":0},"end":{"line":1,"column":null}},"1":{"start":{"line":10,"column":0},"end":{"line":10,"column":54}},"2":{"start":{"line":11,"column":0},"end":{"line":11,"column":55}},"3":{"start":{"line":12,"column":0},"end":{"line":12,"column":55}},"4":{"start":{"line":15,"column":7},"end":{"line":47,"column":null}},"5":{"start":{"line":16,"column":31},"end":{"line":16,"column":44}},"6":{"start":{"line":20,"column":4},"end":{"line":20,"column":50}},"7":{"start":{"line":25,"column":4},"end":{"line":25,"column":38}},"8":{"start":{"line":30,"column":4},"end":{"line":30,"column":39}},"9":{"start":{"line":35,"column":4},"end":{"line":35,"column":53}},"10":{"start":{"line":40,"column":4},"end":{"line":40,"column":54}},"11":{"start":{"line":45,"column":4},"end":{"line":45,"column":39}},"12":{"start":{"line":15,"column":13},"end":{"line":15,"column":27}},"13":{"start":{"line":19,"column":2},"end":{"line":21,"column":null}},"14":{"start":{"line":24,"column":2},"end":{"line":26,"column":null}},"15":{"start":{"line":29,"column":2},"end":{"line":31,"column":null}},"16":{"start":{"line":34,"column":2},"end":{"line":36,"column":null}},"17":{"start":{"line":39,"column":2},"end":{"line":41,"column":null}},"18":{"start":{"line":44,"column":2},"end":{"line":46,"column":null}},"19":{"start":{"line":15,"column":13},"end":{"line":47,"column":null}}},"fnMap":{"0":{"name":"(anonymous_4)","decl":{"start":{"line":16,"column":2},"end":{"line":16,"column":31}},"loc":{"start":{"line":16,"column":55},"end":{"line":16,"column":59}}},"1":{"name":"(anonymous_5)","decl":{"start":{"line":19,"column":2},"end":{"line":19,"column":8}},"loc":{"start":{"line":19,"column":45},"end":{"line":21,"column":3}}},"2":{"name":"(anonymous_6)","decl":{"start":{"line":24,"column":2},"end":{"line":24,"column":9}},"loc":{"start":{"line":24,"column":9},"end":{"line":26,"column":3}}},"3":{"name":"(anonymous_7)","decl":{"start":{"line":29,"column":2},"end":{"line":29,"column":10}},"loc":{"start":{"line":29,"column":29},"end":{"line":31,"column":3}}},"4":{"name":"(anonymous_8)","decl":{"start":{"line":34,"column":2},"end":{"line":34,"column":17}},"loc":{"start":{"line":34,"column":43},"end":{"line":36,"column":3}}},"5":{"name":"(anonymous_9)","decl":{"start":{"line":39,"column":2},"end":{"line":39,"column":8}},"loc":{"start":{"line":39,"column":70},"end":{"line":41,"column":3}}},"6":{"name":"(anonymous_10)","decl":{"start":{"line":44,"column":2},"end":{"line":44,"column":8}},"loc":{"start":{"line":44,"column":32},"end":{"line":46,"column":3}}}},"branchMap":{},"s":{"0":1,"1":1,"2":1,"3":1,"4":1,"5":1,"6":1,"7":3,"8":0,"9":0,"10":1,"11":1,"12":1,"13":1,"14":1,"15":1,"16":1,"17":1,"18":1,"19":1},"f":{"0":1,"1":1,"2":3,"3":0,"4":0,"5":1,"6":1},"b":{}}
,"C:\\Git\\outros\\code talent pool\\back-end\\src\\modules\\loja\\service\\loja.service.ts": {"path":"C:\\Git\\outros\\code talent pool\\back-end\\src\\modules\\loja\\service\\loja.service.ts","statementMap":{"0":{"start":{"line":1,"column":0},"end":{"line":1,"column":44}},"1":{"start":{"line":2,"column":0},"end":{"line":2,"column":51}},"2":{"start":{"line":3,"column":0},"end":{"line":3,"column":45}},"3":{"start":{"line":4,"column":0},"end":{"line":4,"column":37}},"4":{"start":{"line":9,"column":7},"end":{"line":39,"column":null}},"5":{"start":{"line":12,"column":21},"end":{"line":12,"column":37}},"6":{"start":{"line":16,"column":17},"end":{"line":16,"column":58}},"7":{"start":{"line":17,"column":4},"end":{"line":17,"column":42}},"8":{"start":{"line":21,"column":4},"end":{"line":21,"column":38}},"9":{"start":{"line":25,"column":4},"end":{"line":25,"column":58}},"10":{"start":{"line":29,"column":4},"end":{"line":29,"column":62}},"11":{"start":{"line":33,"column":4},"end":{"line":33,"column":48}},"12":{"start":{"line":37,"column":4},"end":{"line":37,"column":42}},"13":{"start":{"line":9,"column":13},"end":{"line":9,"column":24}},"14":{"start":{"line":9,"column":13},"end":{"line":39,"column":null}}},"fnMap":{"0":{"name":"(anonymous_4)","decl":{"start":{"line":10,"column":2},"end":{"line":10,"column":null}},"loc":{"start":{"line":12,"column":53},"end":{"line":13,"column":6}}},"1":{"name":"(anonymous_5)","decl":{"start":{"line":15,"column":2},"end":{"line":15,"column":8}},"loc":{"start":{"line":15,"column":37},"end":{"line":18,"column":3}}},"2":{"name":"(anonymous_6)","decl":{"start":{"line":20,"column":2},"end":{"line":20,"column":9}},"loc":{"start":{"line":20,"column":9},"end":{"line":22,"column":3}}},"3":{"name":"(anonymous_7)","decl":{"start":{"line":24,"column":2},"end":{"line":24,"column":8}},"loc":{"start":{"line":24,"column":19},"end":{"line":26,"column":3}}},"4":{"name":"(anonymous_8)","decl":{"start":{"line":28,"column":2},"end":{"line":28,"column":15}},"loc":{"start":{"line":28,"column":33},"end":{"line":30,"column":3}}},"5":{"name":"(anonymous_9)","decl":{"start":{"line":32,"column":2},"end":{"line":32,"column":8}},"loc":{"start":{"line":32,"column":40},"end":{"line":34,"column":3}}},"6":{"name":"(anonymous_10)","decl":{"start":{"line":36,"column":2},"end":{"line":36,"column":8}},"loc":{"start":{"line":36,"column":19},"end":{"line":38,"column":3}}}},"branchMap":{},"s":{"0":1,"1":1,"2":1,"3":1,"4":1,"5":1,"6":1,"7":1,"8":3,"9":0,"10":0,"11":1,"12":1,"13":1,"14":1},"f":{"0":1,"1":1,"2":3,"3":0,"4":0,"5":1,"6":1},"b":{}}
,"C:\\Git\\outros\\code talent pool\\back-end\\src\\modules\\produto\\controller\\produto.controller.ts": {"path":"C:\\Git\\outros\\code talent pool\\back-end\\src\\modules\\produto\\controller\\produto.controller.ts","statementMap":{"0":{"start":{"line":1,"column":0},"end":{"line":1,"column":null}},"1":{"start":{"line":10,"column":0},"end":{"line":10,"column":60}},"2":{"start":{"line":11,"column":0},"end":{"line":11,"column":61}},"3":{"start":{"line":12,"column":0},"end":{"line":12,"column":61}},"4":{"start":{"line":15,"column":7},"end":{"line":52,"column":null}},"5":{"start":{"line":16,"column":31},"end":{"line":16,"column":47}},"6":{"start":{"line":20,"column":4},"end":{"line":20,"column":56}},"7":{"start":{"line":25,"column":4},"end":{"line":25,"column":41}},"8":{"start":{"line":30,"column":4},"end":{"line":30,"column":42}},"9":{"start":{"line":35,"column":4},"end":{"line":35,"column":56}},"10":{"start":{"line":40,"column":4},"end":{"line":40,"column":48}},"11":{"start":{"line":45,"column":4},"end":{"line":45,"column":60}},"12":{"start":{"line":50,"column":4},"end":{"line":50,"column":42}},"13":{"start":{"line":15,"column":13},"end":{"line":15,"column":30}},"14":{"start":{"line":19,"column":2},"end":{"line":21,"column":null}},"15":{"start":{"line":24,"column":2},"end":{"line":26,"column":null}},"16":{"start":{"line":29,"column":2},"end":{"line":31,"column":null}},"17":{"start":{"line":34,"column":2},"end":{"line":36,"column":null}},"18":{"start":{"line":39,"column":2},"end":{"line":41,"column":null}},"19":{"start":{"line":44,"column":2},"end":{"line":46,"column":null}},"20":{"start":{"line":49,"column":2},"end":{"line":51,"column":null}},"21":{"start":{"line":15,"column":13},"end":{"line":52,"column":null}}},"fnMap":{"0":{"name":"(anonymous_4)","decl":{"start":{"line":16,"column":2},"end":{"line":16,"column":31}},"loc":{"start":{"line":16,"column":61},"end":{"line":16,"column":65}}},"1":{"name":"(anonymous_5)","decl":{"start":{"line":19,"column":2},"end":{"line":19,"column":8}},"loc":{"start":{"line":19,"column":51},"end":{"line":21,"column":3}}},"2":{"name":"(anonymous_6)","decl":{"start":{"line":24,"column":2},"end":{"line":24,"column":9}},"loc":{"start":{"line":24,"column":9},"end":{"line":26,"column":3}}},"3":{"name":"(anonymous_7)","decl":{"start":{"line":29,"column":2},"end":{"line":29,"column":13}},"loc":{"start":{"line":29,"column":32},"end":{"line":31,"column":3}}},"4":{"name":"(anonymous_8)","decl":{"start":{"line":34,"column":2},"end":{"line":34,"column":20}},"loc":{"start":{"line":34,"column":46},"end":{"line":36,"column":3}}},"5":{"name":"(anonymous_9)","decl":{"start":{"line":39,"column":2},"end":{"line":39,"column":16}},"loc":{"start":{"line":39,"column":38},"end":{"line":41,"column":3}}},"6":{"name":"(anonymous_10)","decl":{"start":{"line":44,"column":2},"end":{"line":44,"column":8}},"loc":{"start":{"line":44,"column":76},"end":{"line":46,"column":3}}},"7":{"name":"(anonymous_11)","decl":{"start":{"line":49,"column":2},"end":{"line":49,"column":8}},"loc":{"start":{"line":49,"column":32},"end":{"line":51,"column":3}}}},"branchMap":{},"s":{"0":1,"1":1,"2":1,"3":1,"4":1,"5":1,"6":1,"7":4,"8":0,"9":0,"10":0,"11":1,"12":1,"13":1,"14":1,"15":1,"16":1,"17":1,"18":1,"19":1,"20":1,"21":1},"f":{"0":1,"1":1,"2":4,"3":0,"4":0,"5":0,"6":1,"7":1},"b":{}}
,"C:\\Git\\outros\\code talent pool\\back-end\\src\\modules\\produto\\service\\produto.service.ts": {"path":"C:\\Git\\outros\\code talent pool\\back-end\\src\\modules\\produto\\service\\produto.service.ts","statementMap":{"0":{"start":{"line":1,"column":0},"end":{"line":1,"column":44}},"1":{"start":{"line":2,"column":0},"end":{"line":2,"column":51}},"2":{"start":{"line":3,"column":0},"end":{"line":3,"column":51}},"3":{"start":{"line":6,"column":0},"end":{"line":6,"column":37}},"4":{"start":{"line":9,"column":7},"end":{"line":43,"column":null}},"5":{"start":{"line":12,"column":12},"end":{"line":12,"column":31}},"6":{"start":{"line":16,"column":20},"end":{"line":16,"column":67}},"7":{"start":{"line":17,"column":4},"end":{"line":17,"column":48}},"8":{"start":{"line":21,"column":4},"end":{"line":21,"column":41}},"9":{"start":{"line":25,"column":4},"end":{"line":25,"column":61}},"10":{"start":{"line":29,"column":4},"end":{"line":29,"column":65}},"11":{"start":{"line":33,"column":4},"end":{"line":33,"column":61}},"12":{"start":{"line":37,"column":4},"end":{"line":37,"column":51}},"13":{"start":{"line":41,"column":4},"end":{"line":41,"column":45}},"14":{"start":{"line":9,"column":13},"end":{"line":9,"column":27}},"15":{"start":{"line":9,"column":13},"end":{"line":43,"column":null}}},"fnMap":{"0":{"name":"(anonymous_4)","decl":{"start":{"line":10,"column":2},"end":{"line":10,"column":null}},"loc":{"start":{"line":12,"column":50},"end":{"line":13,"column":6}}},"1":{"name":"(anonymous_5)","decl":{"start":{"line":15,"column":2},"end":{"line":15,"column":8}},"loc":{"start":{"line":15,"column":43},"end":{"line":18,"column":3}}},"2":{"name":"(anonymous_6)","decl":{"start":{"line":20,"column":2},"end":{"line":20,"column":9}},"loc":{"start":{"line":20,"column":9},"end":{"line":22,"column":3}}},"3":{"name":"(anonymous_7)","decl":{"start":{"line":24,"column":2},"end":{"line":24,"column":8}},"loc":{"start":{"line":24,"column":19},"end":{"line":26,"column":3}}},"4":{"name":"(anonymous_8)","decl":{"start":{"line":28,"column":2},"end":{"line":28,"column":15}},"loc":{"start":{"line":28,"column":33},"end":{"line":30,"column":3}}},"5":{"name":"(anonymous_9)","decl":{"start":{"line":32,"column":2},"end":{"line":32,"column":11}},"loc":{"start":{"line":32,"column":25},"end":{"line":34,"column":3}}},"6":{"name":"(anonymous_10)","decl":{"start":{"line":36,"column":2},"end":{"line":36,"column":8}},"loc":{"start":{"line":36,"column":43},"end":{"line":38,"column":3}}},"7":{"name":"(anonymous_11)","decl":{"start":{"line":40,"column":2},"end":{"line":40,"column":8}},"loc":{"start":{"line":40,"column":19},"end":{"line":42,"column":3}}}},"branchMap":{},"s":{"0":1,"1":1,"2":1,"3":1,"4":1,"5":1,"6":1,"7":1,"8":4,"9":0,"10":0,"11":0,"12":1,"13":1,"14":1,"15":1},"f":{"0":1,"1":1,"2":4,"3":0,"4":0,"5":0,"6":1,"7":1},"b":{}}
,"C:\\Git\\outros\\code talent pool\\back-end\\src\\modules\\produtoloja\\controller\\produtoloja.controller.ts": {"path":"C:\\Git\\outros\\code talent pool\\back-end\\src\\modules\\produtoloja\\controller\\produtoloja.controller.ts","statementMap":{"0":{"start":{"line":1,"column":0},"end":{"line":1,"column":null}},"1":{"start":{"line":10,"column":0},"end":{"line":10,"column":69}},"2":{"start":{"line":11,"column":0},"end":{"line":11,"column":68}},"3":{"start":{"line":12,"column":0},"end":{"line":12,"column":69}},"4":{"start":{"line":15,"column":7},"end":{"line":45,"column":null}},"5":{"start":{"line":16,"column":31},"end":{"line":16,"column":51}},"6":{"start":{"line":20,"column":4},"end":{"line":20,"column":64}},"7":{"start":{"line":25,"column":4},"end":{"line":25,"column":45}},"8":{"start":{"line":30,"column":4},"end":{"line":30,"column":46}},"9":{"start":{"line":38,"column":4},"end":{"line":38,"column":68}},"10":{"start":{"line":43,"column":4},"end":{"line":43,"column":46}},"11":{"start":{"line":15,"column":13},"end":{"line":15,"column":34}},"12":{"start":{"line":19,"column":2},"end":{"line":21,"column":null}},"13":{"start":{"line":24,"column":2},"end":{"line":26,"column":null}},"14":{"start":{"line":29,"column":2},"end":{"line":31,"column":null}},"15":{"start":{"line":34,"column":2},"end":{"line":39,"column":null}},"16":{"start":{"line":42,"column":2},"end":{"line":44,"column":null}},"17":{"start":{"line":15,"column":13},"end":{"line":45,"column":null}}},"fnMap":{"0":{"name":"(anonymous_4)","decl":{"start":{"line":16,"column":2},"end":{"line":16,"column":31}},"loc":{"start":{"line":16,"column":69},"end":{"line":16,"column":73}}},"1":{"name":"(anonymous_5)","decl":{"start":{"line":19,"column":2},"end":{"line":19,"column":8}},"loc":{"start":{"line":19,"column":59},"end":{"line":21,"column":3}}},"2":{"name":"(anonymous_6)","decl":{"start":{"line":24,"column":2},"end":{"line":24,"column":9}},"loc":{"start":{"line":24,"column":9},"end":{"line":26,"column":3}}},"3":{"name":"(anonymous_7)","decl":{"start":{"line":29,"column":2},"end":{"line":29,"column":13}},"loc":{"start":{"line":29,"column":32},"end":{"line":31,"column":3}}},"4":{"name":"(anonymous_8)","decl":{"start":{"line":34,"column":2},"end":{"line":34,"column":8}},"loc":{"start":{"line":36,"column":54},"end":{"line":39,"column":3}}},"5":{"name":"(anonymous_9)","decl":{"start":{"line":42,"column":2},"end":{"line":42,"column":8}},"loc":{"start":{"line":42,"column":32},"end":{"line":44,"column":3}}}},"branchMap":{},"s":{"0":1,"1":1,"2":1,"3":1,"4":1,"5":1,"6":1,"7":2,"8":0,"9":1,"10":1,"11":1,"12":1,"13":1,"14":1,"15":1,"16":1,"17":1},"f":{"0":1,"1":1,"2":2,"3":0,"4":1,"5":1},"b":{}}
,"C:\\Git\\outros\\code talent pool\\back-end\\src\\modules\\produtoloja\\service\\produtoloja.service.ts": {"path":"C:\\Git\\outros\\code talent pool\\back-end\\src\\modules\\produtoloja\\service\\produtoloja.service.ts","statementMap":{"0":{"start":{"line":1,"column":0},"end":{"line":1,"column":44}},"1":{"start":{"line":2,"column":0},"end":{"line":2,"column":51}},"2":{"start":{"line":3,"column":0},"end":{"line":3,"column":59}},"3":{"start":{"line":4,"column":0},"end":{"line":4,"column":37}},"4":{"start":{"line":6,"column":0},"end":{"line":6,"column":62}},"5":{"start":{"line":7,"column":0},"end":{"line":7,"column":53}},"6":{"start":{"line":11,"column":7},"end":{"line":88,"column":null}},"7":{"start":{"line":14,"column":12},"end":{"line":14,"column":35}},"8":{"start":{"line":17,"column":12},"end":{"line":17,"column":31}},"9":{"start":{"line":20,"column":12},"end":{"line":20,"column":28}},"10":{"start":{"line":26,"column":20},"end":{"line":28,"column":6}},"11":{"start":{"line":30,"column":17},"end":{"line":32,"column":6}},"12":{"start":{"line":34,"column":24},"end":{"line":38,"column":6}},"13":{"start":{"line":40,"column":4},"end":{"line":40,"column":62}},"14":{"start":{"line":44,"column":4},"end":{"line":46,"column":7}},"15":{"start":{"line":50,"column":4},"end":{"line":53,"column":7}},"16":{"start":{"line":60,"column":24},"end":{"line":62,"column":6}},"17":{"start":{"line":64,"column":4},"end":{"line":69,"column":5}},"18":{"start":{"line":65,"column":22},"end":{"line":67,"column":8}},"19":{"start":{"line":68,"column":6},"end":{"line":68,"column":38}},"20":{"start":{"line":71,"column":4},"end":{"line":76,"column":5}},"21":{"start":{"line":72,"column":19},"end":{"line":74,"column":8}},"22":{"start":{"line":75,"column":6},"end":{"line":75,"column":32}},"23":{"start":{"line":78,"column":4},"end":{"line":80,"column":5}},"24":{"start":{"line":79,"column":6},"end":{"line":79,"column":63}},"25":{"start":{"line":82,"column":4},"end":{"line":82,"column":56}},"26":{"start":{"line":86,"column":4},"end":{"line":86,"column":49}},"27":{"start":{"line":11,"column":13},"end":{"line":11,"column":31}},"28":{"start":{"line":11,"column":13},"end":{"line":88,"column":null}}},"fnMap":{"0":{"name":"(anonymous_4)","decl":{"start":{"line":12,"column":2},"end":{"line":12,"column":null}},"loc":{"start":{"line":20,"column":44},"end":{"line":21,"column":6}}},"1":{"name":"(anonymous_5)","decl":{"start":{"line":23,"column":2},"end":{"line":23,"column":7}},"loc":{"start":{"line":24,"column":46},"end":{"line":41,"column":3}}},"2":{"name":"(anonymous_6)","decl":{"start":{"line":43,"column":2},"end":{"line":43,"column":9}},"loc":{"start":{"line":43,"column":9},"end":{"line":47,"column":3}}},"3":{"name":"(anonymous_7)","decl":{"start":{"line":49,"column":2},"end":{"line":49,"column":8}},"loc":{"start":{"line":49,"column":19},"end":{"line":54,"column":3}}},"4":{"name":"(anonymous_8)","decl":{"start":{"line":56,"column":2},"end":{"line":56,"column":7}},"loc":{"start":{"line":58,"column":46},"end":{"line":83,"column":3}}},"5":{"name":"(anonymous_9)","decl":{"start":{"line":85,"column":2},"end":{"line":85,"column":8}},"loc":{"start":{"line":85,"column":19},"end":{"line":87,"column":3}}}},"branchMap":{"0":{"loc":{"start":{"line":64,"column":4},"end":{"line":69,"column":5}},"type":"if","locations":[{"start":{"line":64,"column":4},"end":{"line":69,"column":5}}]},"1":{"loc":{"start":{"line":71,"column":4},"end":{"line":76,"column":5}},"type":"if","locations":[{"start":{"line":71,"column":4},"end":{"line":76,"column":5}}]},"2":{"loc":{"start":{"line":78,"column":4},"end":{"line":80,"column":5}},"type":"if","locations":[{"start":{"line":78,"column":4},"end":{"line":80,"column":5}}]}},"s":{"0":1,"1":1,"2":1,"3":1,"4":1,"5":1,"6":1,"7":1,"8":1,"9":1,"10":1,"11":1,"12":1,"13":1,"14":2,"15":0,"16":1,"17":1,"18":0,"19":0,"20":1,"21":0,"22":0,"23":1,"24":1,"25":1,"26":1,"27":1,"28":1},"f":{"0":1,"1":1,"2":2,"3":0,"4":1,"5":1},"b":{"0":[0],"1":[0],"2":[1]}}
}
