TN:
SF:src\modules\loja\controller\loja.controller.ts
FN:16,(anonymous_4)
FN:19,(anonymous_5)
FN:24,(anonymous_6)
FN:29,(anonymous_7)
FN:34,(anonymous_8)
FN:39,(anonymous_9)
FN:44,(anonymous_10)
FNF:7
FNH:5
FNDA:1,(anonymous_4)
FNDA:1,(anonymous_5)
FNDA:3,(anonymous_6)
FNDA:0,(anonymous_7)
FNDA:0,(anonymous_8)
FNDA:1,(anonymous_9)
FNDA:1,(anonymous_10)
DA:1,1
DA:10,1
DA:11,1
DA:12,1
DA:15,1
DA:16,1
DA:19,1
DA:20,1
DA:24,1
DA:25,3
DA:29,1
DA:30,0
DA:34,1
DA:35,0
DA:39,1
DA:40,1
DA:44,1
DA:45,1
LF:18
LH:16
BRF:0
BRH:0
end_of_record
TN:
SF:src\modules\loja\service\loja.service.ts
FN:10,(anonymous_4)
FN:15,(anonymous_5)
FN:20,(anonymous_6)
FN:24,(anonymous_7)
FN:28,(anonymous_8)
FN:32,(anonymous_9)
FN:36,(anonymous_10)
FNF:7
FNH:5
FNDA:1,(anonymous_4)
FNDA:1,(anonymous_5)
FNDA:3,(anonymous_6)
FNDA:0,(anonymous_7)
FNDA:0,(anonymous_8)
FNDA:1,(anonymous_9)
FNDA:1,(anonymous_10)
DA:1,1
DA:2,1
DA:3,1
DA:4,1
DA:9,1
DA:12,1
DA:16,1
DA:17,1
DA:21,3
DA:25,0
DA:29,0
DA:33,1
DA:37,1
LF:13
LH:11
BRF:0
BRH:0
end_of_record
TN:
SF:src\modules\produto\controller\produto.controller.ts
FN:16,(anonymous_4)
FN:19,(anonymous_5)
FN:24,(anonymous_6)
FN:29,(anonymous_7)
FN:34,(anonymous_8)
FN:39,(anonymous_9)
FN:44,(anonymous_10)
FN:49,(anonymous_11)
FNF:8
FNH:5
FNDA:1,(anonymous_4)
FNDA:1,(anonymous_5)
FNDA:4,(anonymous_6)
FNDA:0,(anonymous_7)
FNDA:0,(anonymous_8)
FNDA:0,(anonymous_9)
FNDA:1,(anonymous_10)
FNDA:1,(anonymous_11)
DA:1,1
DA:10,1
DA:11,1
DA:12,1
DA:15,1
DA:16,1
DA:19,1
DA:20,1
DA:24,1
DA:25,4
DA:29,1
DA:30,0
DA:34,1
DA:35,0
DA:39,1
DA:40,0
DA:44,1
DA:45,1
DA:49,1
DA:50,1
LF:20
LH:17
BRF:0
BRH:0
end_of_record
TN:
SF:src\modules\produto\service\produto.service.ts
FN:10,(anonymous_4)
FN:15,(anonymous_5)
FN:20,(anonymous_6)
FN:24,(anonymous_7)
FN:28,(anonymous_8)
FN:32,(anonymous_9)
FN:36,(anonymous_10)
FN:40,(anonymous_11)
FNF:8
FNH:5
FNDA:1,(anonymous_4)
FNDA:1,(anonymous_5)
FNDA:4,(anonymous_6)
FNDA:0,(anonymous_7)
FNDA:0,(anonymous_8)
FNDA:0,(anonymous_9)
FNDA:1,(anonymous_10)
FNDA:1,(anonymous_11)
DA:1,1
DA:2,1
DA:3,1
DA:6,1
DA:9,1
DA:12,1
DA:16,1
DA:17,1
DA:21,4
DA:25,0
DA:29,0
DA:33,0
DA:37,1
DA:41,1
LF:14
LH:11
BRF:0
BRH:0
end_of_record
TN:
SF:src\modules\produtoloja\controller\produtoloja.controller.ts
FN:16,(anonymous_4)
FN:19,(anonymous_5)
FN:24,(anonymous_6)
FN:29,(anonymous_7)
FN:34,(anonymous_8)
FN:42,(anonymous_9)
FNF:6
FNH:5
FNDA:1,(anonymous_4)
FNDA:1,(anonymous_5)
FNDA:2,(anonymous_6)
FNDA:0,(anonymous_7)
FNDA:1,(anonymous_8)
FNDA:1,(anonymous_9)
DA:1,1
DA:10,1
DA:11,1
DA:12,1
DA:15,1
DA:16,1
DA:19,1
DA:20,1
DA:24,1
DA:25,2
DA:29,1
DA:30,0
DA:34,1
DA:38,1
DA:42,1
DA:43,1
LF:16
LH:15
BRF:0
BRH:0
end_of_record
TN:
SF:src\modules\produtoloja\service\produtoloja.service.ts
FN:12,(anonymous_4)
FN:23,(anonymous_5)
FN:43,(anonymous_6)
FN:49,(anonymous_7)
FN:56,(anonymous_8)
FN:85,(anonymous_9)
FNF:6
FNH:5
FNDA:1,(anonymous_4)
FNDA:1,(anonymous_5)
FNDA:2,(anonymous_6)
FNDA:0,(anonymous_7)
FNDA:1,(anonymous_8)
FNDA:1,(anonymous_9)
DA:1,1
DA:2,1
DA:3,1
DA:4,1
DA:6,1
DA:7,1
DA:11,1
DA:14,1
DA:17,1
DA:20,1
DA:26,1
DA:30,1
DA:34,1
DA:40,1
DA:44,2
DA:50,0
DA:60,1
DA:64,1
DA:65,0
DA:68,0
DA:71,1
DA:72,0
DA:75,0
DA:78,1
DA:79,1
DA:82,1
DA:86,1
LF:27
LH:22
BRDA:64,0,0,0
BRDA:71,1,0,0
BRDA:78,2,0,1
BRF:3
BRH:1
end_of_record
